<?xml version="1.0" encoding="UTF-8"?>
<!-- Generated by org.testng.reporters.JUnitReportReporter -->
<testsuite hostname="DESKTOP-IKDLE6K" failures="0" tests="1" name="hibertest.NewTest" time="0.020" errors="0" timestamp="2021-04-11T15:22:22 CEST" skipped="0">
  <testcase classname="hibertest.NewTest" name="testAdd" time="0.020"/>
  <system-out/>
</testsuite> <!-- hibertest.NewTest -->
